Case #1:
c***
****
****
Case #2:
c****
Case #3:
c.
..
..
..
Case #4:
c...
....
....
...*
...*
Case #5:
c...
....
...*
.***
Case #6:
Impossible
Case #7:
c.*
Case #8:
Impossible
Case #9:
Impossible
Case #10:
Impossible
Case #11:
Impossible
Case #12:
Impossible
Case #13:
c...
....
....
....
Case #14:
c..
...
..*
..*
..*
Case #15:
Impossible
Case #16:
Impossible
Case #17:
c....
.....
....*
...**
..***
Case #18:
c....
.....
...**
...**
..***
Case #19:
c...
....
....
...*
Case #20:
c**
***
***
***
Case #21:
c..
...
...
..*
..*
Case #22:
c....
.....
....*
....*
..***
Case #23:
c.*
..*
***
***
***
Case #24:
c..
...
...
***
Case #25:
Impossible
Case #26:
c.*
..*
Case #27:
c...*
....*
....*
...**
Case #28:
c...*
....*
.****
Case #29:
c
*
Case #30:
c...
....
....
....
...*
Case #31:
Impossible
Case #32:
c..**
...**
..***
Case #33:
Impossible
Case #34:
Impossible
Case #35:
Impossible
Case #36:
c..**
...**
...**
*****
Case #37:
Impossible
Case #38:
c...*
....*
..***
..***
.****
Case #39:
Impossible
Case #40:
c...
....
....
Case #41:
Impossible
Case #42:
c..
...
...
...
..*
Case #43:
c..**
...**
...**
...**
..***
Case #44:
c....
.....
.....
.....
....*
Case #45:
c.***
..***
*****
*****
Case #46:
Impossible
Case #47:
.
c
.
*
Case #48:
.
c
.
Case #49:
Impossible
Case #50:
c*
Case #51:
c....
.....
.....
....*
Case #52:
Impossible
Case #53:
Impossible
Case #54:
Impossible
Case #55:
c**
***
Case #56:
Impossible
Case #57:
c
*
*
Case #58:
Impossible
Case #59:
c*
**
**
**
Case #60:
Impossible
Case #61:
Impossible
Case #62:
c.**
..**
Case #63:
c....
.....
....*
..***
Case #64:
c.*
..*
***
Case #65:
c..
...
...
***
***
Case #66:
c....
.....
.....
.....
Case #67:
c*
**
**
Case #68:
c..
...
...
..*
Case #69:
c.
..
Case #70:
c..**
...**
**.**
Case #71:
Impossible
Case #72:
Impossible
Case #73:
Impossible
Case #74:
c..
...
Case #75:
Impossible
Case #76:
c**
Case #77:
c..*
...*
...*
..**
..**
Case #78:
Impossible
Case #79:
c..*
...*
**.*
****
Case #80:
Impossible
Case #81:
c.
..
**
Case #82:
c....
.....
.....
....*
....*
Case #83:
Impossible
Case #84:
c
Case #85:
Impossible
Case #86:
Impossible
Case #87:
c.***
..***
*****
*****
*****
Case #88:
Impossible
Case #89:
c.*
..*
..*
..*
***
Case #90:
c
.
*
*
Case #91:
Impossible
Case #92:
c
.
*
*
*
Case #93:
c...*
....*
..***
.****
Case #94:
.c.**
Case #95:
c..
...
**.
***
Case #96:
c..
...
...
...
Case #97:
c..
...
...
Case #98:
c..
...
**.
***
***
Case #99:
Impossible
Case #100:
Impossible
Case #101:
c....
.....
Case #102:
c***
****
****
****
****
Case #103:
Impossible
Case #104:
c....
.....
...**
..***
Case #105:
c...
....
..**
..**
.***
Case #106:
Impossible
Case #107:
c..*
...*
**.*
****
****
Case #108:
Impossible
Case #109:
c..
...
...
..*
***
Case #110:
Impossible
Case #111:
c.***
..***
*****
Case #112:
c..
...
**.
Case #113:
c...*
....*
...**
...**
.****
Case #114:
c..
...
..*
..*
Case #115:
c..**
...**
...**
..***
*****
Case #116:
c..**
...**
**.**
*****
*****
Case #117:
Impossible
Case #118:
Impossible
Case #119:
c...
....
...*
...*
.***
Case #120:
c.***
Case #121:
Impossible
Case #122:
c..*
...*
...*
..**
****
Case #123:
Impossible
Case #124:
c..*
...*
...*
...*
..**
Case #125:
c...
....
..**
.***
Case #126:
c..**
...**
..***
..***
..***
Case #127:
Impossible
Case #128:
c...*
....*
...**
..***
.****
Case #129:
c.**
..**
..**
****
Case #130:
Impossible
Case #131:
c.
..
..
Case #132:
c.
Case #133:
Impossible
Case #134:
c.**
..**
..**
****
****
Case #135:
c....
.....
..***
Case #136:
c..**
...**
**.**
*****
Case #137:
Impossible
Case #138:
Impossible
Case #139:
c.**
..**
****
****
Case #140:
c
*
*
*
Case #141:
Impossible
Case #142:
Impossible
Case #143:
Impossible
Case #144:
Impossible
Case #145:
c.***
..***
Case #146:
c.**
Case #147:
c*
**
Case #148:
Impossible
Case #149:
c.*
..*
***
***
Case #150:
c
.
*
Case #151:
c***
****
****
****
Case #152:
Impossible
Case #153:
.
c
.
*
*
Case #154:
c****
*****
*****
Case #155:
.c.
Case #156:
Impossible
Case #157:
c..*
...*
..**
..**
Case #158:
c..
...
..*
Case #159:
Impossible
Case #160:
Impossible
Case #161:
c..**
...**
...**
..***
Case #162:
Impossible
Case #163:
c**
***
***
***
***
Case #164:
Impossible
Case #165:
Impossible
Case #166:
c.
..
..
**
**
Case #167:
c
*
*
*
*
Case #168:
c.***
..***
..***
*****
Case #169:
Impossible
Case #170:
Impossible
Case #171:
Impossible
Case #172:
Impossible
Case #173:
c...
....
Case #174:
c.
..
..
..
..
Case #175:
c...*
....*
....*
...**
...**
Case #176:
c.
..
**
**
Case #177:
Impossible
Case #178:
c****
*****
*****
*****
Case #179:
c..**
...**
...**
*****
*****
Case #180:
c.
..
..
..
**
Case #181:
c....
.....
.....
Case #182:
c.
..
..
**
Case #183:
c.***
..***
..***
..***
*****
Case #184:
.c.*
Case #185:
Impossible
Case #186:
Impossible
Case #187:
Impossible
Case #188:
Impossible
Case #189:
c****
*****
Case #190:
c...
....
...*
..**
.***
Case #191:
c.*
..*
..*
***
***
Case #192:
c.*
..*
..*
***
Case #193:
c..*
...*
...*
..**
Case #194:
c.***
..***
..***
*****
*****
Case #195:
Impossible
Case #196:
c..**
...**
...**
..***
..***
Case #197:
c*
**
**
**
**
Case #198:
c..*
...*
...*
****
Case #199:
Impossible
Case #200:
Impossible
Case #201:
c
.
Case #202:
Impossible
Case #203:
c.**
..**
..**
..**
****
Case #204:
c..*
...*
...*
****
****
Case #205:
c...*
....*
....*
....*
...**
Case #206:
c**
***
***
Case #207:
Impossible
Case #208:
Impossible
Case #209:
Impossible
Case #210:
c..*
...*
..**
..**
..**
Case #211:
c***
****
Case #212:
c...
....
.***
Case #213:
c.**
..**
****
Case #214:
c.
..
**
**
**
Case #215:
Impossible
Case #216:
Impossible
Case #217:
c...*
....*
...**
.****
Case #218:
Impossible
Case #219:
c..**
...**
..***
..***
Case #220:
Impossible
Case #221:
c.**
..**
****
****
****
Case #222:
c..*
...*
..**
Case #223:
c..*
...*
**.*
Case #224:
c****
*****
*****
*****
*****
Case #225:
c***
